<?xml version="1.0" encoding="UTF-8"?>
<!-- Generated by org.testng.reporters.JUnitReportReporter -->
<testsuite skipped="0" hostname="DESKTOP-23SFHJ0" name="com.iLABCareers.tests.submitJobApplicationTest" tests="1" failures="0" timestamp="30 Jan 2019 21:39:45 GMT" time="46.727" errors="1">
  <testcase name="submitJobApplicationOnFirstClick" time="46.727" classname="com.iLABCareers.tests.submitJobApplicationTest">
    <error type="java.lang.IncompatibleClassChangeError" message="class org.hibernate.ejb.HibernatePersistence has interface org.hibernate.ejb.AvailableSettings as super class">
      <![CDATA[java.lang.IncompatibleClassChangeError: class org.hibernate.ejb.HibernatePersistence has interface org.hibernate.ejb.AvailableSettings as super class
	at java.lang.ClassLoader.defineClass1(Native Method)
	at java.lang.ClassLoader.defineClass(ClassLoader.java:763)
	at java.security.SecureClassLoader.defineClass(SecureClassLoader.java:142)
	at java.net.URLClassLoader.defineClass(URLClassLoader.java:467)
	at java.net.URLClassLoader.access$100(URLClassLoader.java:73)
	at java.net.URLClassLoader$1.run(URLClassLoader.java:368)
	at java.net.URLClassLoader$1.run(URLClassLoader.java:362)
	at java.security.AccessController.doPrivileged(Native Method)
	at java.net.URLClassLoader.findClass(URLClassLoader.java:361)
	at java.lang.ClassLoader.loadClass(ClassLoader.java:424)
	at sun.misc.Launcher$AppClassLoader.loadClass(Launcher.java:349)
	at java.lang.ClassLoader.loadClass(ClassLoader.java:357)
	at javax.persistence.spi.PersistenceProviderResolverHolder$PersistenceProviderResolverPerClassLoader$CachingPersistenceProviderResolver.loadResolverClasses(PersistenceProviderResolverHolder.java:142)
	at javax.persistence.spi.PersistenceProviderResolverHolder$PersistenceProviderResolverPerClassLoader$CachingPersistenceProviderResolver.<init>(PersistenceProviderResolverHolder.java:122)
	at javax.persistence.spi.PersistenceProviderResolverHolder$PersistenceProviderResolverPerClassLoader.getPersistenceProviders(PersistenceProviderResolverHolder.java:80)
	at javax.persistence.Persistence.getProviders(Persistence.java:69)
	at javax.persistence.Persistence.createEntityManagerFactory(Persistence.java:53)
	at javax.persistence.Persistence.createEntityManagerFactory(Persistence.java:39)
	at com.iLABCareers.databases.PersistenceManager.<init>(PersistenceManager.java:17)
	at com.iLABCareers.databases.DatabaseManagement.getPersistenceManager(DatabaseManagement.java:26)
	at com.iLABCareers.databases.DatabaseManagement.retrieve(DatabaseManagement.java:61)
	at com.iLABCareers.databases.DatabaseManagement.getPositiveTestData(DatabaseManagement.java:141)
	at com.iLABCareers.database.utilities.retrieval.DataRetrieval.getPositiveData(DataRetrieval.java:67)
	at com.iLABCareers.tests.submitJobApplicationTest.submitJobApplicationOnFirstClick(submitJobApplicationTest.java:26)
	at sun.reflect.NativeMethodAccessorImpl.invoke0(Native Method)
	at sun.reflect.NativeMethodAccessorImpl.invoke(NativeMethodAccessorImpl.java:62)
	at sun.reflect.DelegatingMethodAccessorImpl.invoke(DelegatingMethodAccessorImpl.java:43)
	at java.lang.reflect.Method.invoke(Method.java:498)
	at org.testng.internal.MethodInvocationHelper.invokeMethod(MethodInvocationHelper.java:108)
	at org.testng.internal.Invoker.invokeMethod(Invoker.java:661)
	at org.testng.internal.Invoker.invokeTestMethod(Invoker.java:869)
	at org.testng.internal.Invoker.invokeTestMethods(Invoker.java:1193)
	at org.testng.internal.TestMethodWorker.invokeTestMethods(TestMethodWorker.java:126)
	at org.testng.internal.TestMethodWorker.run(TestMethodWorker.java:109)
	at org.testng.TestRunner.privateRun(TestRunner.java:744)
	at org.testng.TestRunner.run(TestRunner.java:602)
	at org.testng.SuiteRunner.runTest(SuiteRunner.java:380)
	at org.testng.SuiteRunner.runSequentially(SuiteRunner.java:375)
	at org.testng.SuiteRunner.privateRun(SuiteRunner.java:340)
	at org.testng.SuiteRunner.run(SuiteRunner.java:289)
	at org.testng.SuiteRunnerWorker.runSuite(SuiteRunnerWorker.java:52)
	at org.testng.SuiteRunnerWorker.run(SuiteRunnerWorker.java:86)
	at org.testng.TestNG.runSuitesSequentially(TestNG.java:1301)
	at org.testng.TestNG.runSuitesLocally(TestNG.java:1226)
	at org.testng.TestNG.runSuites(TestNG.java:1144)
	at org.testng.TestNG.run(TestNG.java:1115)
	at org.testng.remote.AbstractRemoteTestNG.run(AbstractRemoteTestNG.java:114)
	at org.testng.remote.RemoteTestNG.initAndRun(RemoteTestNG.java:251)
	at org.testng.remote.RemoteTestNG.main(RemoteTestNG.java:77)
]]>
    </error>
  </testcase> <!-- submitJobApplicationOnFirstClick -->
</testsuite> <!-- com.iLABCareers.tests.submitJobApplicationTest -->
